<?xml version="1.0" encoding="UTF-8"?>
<testng-results ignored="0" total="4" passed="4" failed="0" skipped="0">
  <reporter-output>
  </reporter-output>
  <suite started-at="2023-08-16T13:40:00 SGT" name="Command line suite" finished-at="2023-08-16T13:41:37 SGT" duration-ms="97404">
    <groups>
      <group name="cucumber">
        <method signature="AbstractTestNGCucumberTests.runScenario(io.cucumber.testng.PickleWrapper,io.cucumber.testng.FeatureWrapper)[pri:0, instance:com.oneaston.oneview.automation.ui.runners.RunCucumberTest@79079097]" name="runScenario" class="io.cucumber.testng.AbstractTestNGCucumberTests"/>
      </group> <!-- cucumber -->
    </groups>
    <test started-at="2023-08-16T13:40:00 SGT" name="Command line test" finished-at="2023-08-16T13:41:37 SGT" duration-ms="97404">
      <class name="com.oneaston.oneview.automation.ui.runners.RunCucumberTest">
        <test-method is-config="true" signature="setUpClass()[pri:0, instance:com.oneaston.oneview.automation.ui.runners.RunCucumberTest@79079097]" started-at="2023-08-16T13:40:00 SGT" name="setUpClass" finished-at="2023-08-16T13:40:01 SGT" duration-ms="839" status="PASS">
          <reporter-output>
          </reporter-output>
        </test-method> <!-- setUpClass -->
        <test-method signature="runScenario(io.cucumber.testng.PickleWrapper,io.cucumber.testng.FeatureWrapper)[pri:0, instance:com.oneaston.oneview.automation.ui.runners.RunCucumberTest@79079097]" started-at="2023-08-16T13:40:01 SGT" name="runScenario" description="Runs Cucumber Scenarios" data-provider="scenarios" finished-at="2023-08-16T13:41:34 SGT" duration-ms="92854" status="PASS">
          <params>
            <param index="0">
              <value>
                <![CDATA["As an Admin user, I should be able to create new user account"]]>
              </value>
            </param>
            <param index="1">
              <value>
                <![CDATA["Optional[User Account Maintenance CUD]"]]>
              </value>
            </param>
          </params>
          <reporter-output>
          </reporter-output>
        </test-method> <!-- runScenario -->
        <test-method signature="runScenario(io.cucumber.testng.PickleWrapper,io.cucumber.testng.FeatureWrapper)[pri:0, instance:com.oneaston.oneview.automation.ui.runners.RunCucumberTest@79079097]" started-at="2023-08-16T13:40:01 SGT" name="runScenario" description="Runs Cucumber Scenarios" data-provider="scenarios" finished-at="2023-08-16T13:40:46 SGT" duration-ms="45158" status="PASS">
          <params>
            <param index="0">
              <value>
                <![CDATA["Login with valid credentials"]]>
              </value>
            </param>
            <param index="1">
              <value>
                <![CDATA["Optional[Valid Credential]"]]>
              </value>
            </param>
          </params>
          <reporter-output>
          </reporter-output>
        </test-method> <!-- runScenario -->
        <test-method signature="runScenario(io.cucumber.testng.PickleWrapper,io.cucumber.testng.FeatureWrapper)[pri:0, instance:com.oneaston.oneview.automation.ui.runners.RunCucumberTest@79079097]" started-at="2023-08-16T13:40:01 SGT" name="runScenario" description="Runs Cucumber Scenarios" data-provider="scenarios" finished-at="2023-08-16T13:40:52 SGT" duration-ms="50979" status="PASS">
          <params>
            <param index="0">
              <value>
                <![CDATA["As a User, I should be able to navigate to User Account Maintenance page"]]>
              </value>
            </param>
            <param index="1">
              <value>
                <![CDATA["Optional[User Account Maintenance Page Navigation]"]]>
              </value>
            </param>
          </params>
          <reporter-output>
          </reporter-output>
        </test-method> <!-- runScenario -->
        <test-method signature="runScenario(io.cucumber.testng.PickleWrapper,io.cucumber.testng.FeatureWrapper)[pri:0, instance:com.oneaston.oneview.automation.ui.runners.RunCucumberTest@79079097]" started-at="2023-08-16T13:40:01 SGT" name="runScenario" description="Runs Cucumber Scenarios" data-provider="scenarios" finished-at="2023-08-16T13:41:26 SGT" duration-ms="85175" status="PASS">
          <params>
            <param index="0">
              <value>
                <![CDATA["As an Admin user I should be able to delete account"]]>
              </value>
            </param>
            <param index="1">
              <value>
                <![CDATA["Optional[User Account Maintenance CUD]"]]>
              </value>
            </param>
          </params>
          <reporter-output>
          </reporter-output>
        </test-method> <!-- runScenario -->
        <test-method is-config="true" signature="tearDownClass()[pri:0, instance:com.oneaston.oneview.automation.ui.runners.RunCucumberTest@79079097]" started-at="2023-08-16T13:41:34 SGT" name="tearDownClass" finished-at="2023-08-16T13:41:37 SGT" duration-ms="3637" status="PASS">
          <reporter-output>
          </reporter-output>
        </test-method> <!-- tearDownClass -->
      </class> <!-- com.oneaston.oneview.automation.ui.runners.RunCucumberTest -->
    </test> <!-- Command line test -->
  </suite> <!-- Command line suite -->
</testng-results>
